<?xml version="1.0" encoding="UTF-8"?>
<!-- Generated by org.testng.reporters.JUnitReportReporter -->
<testsuite hostname="DESKTOP-KJG83OT" failures="0" tests="1" name="testRunner.TestRunner" time="23.224" errors="0" timestamp="2024-12-09T12:34:27 IST" skipped="0">
  <testcase classname="testRunner.TestRunner" name="runScenario" time="23.224"/>
  <system-out/>
</testsuite> <!-- testRunner.TestRunner -->
