<?xml version="1.0" encoding="UTF-8"?>
<!-- Generated by org.testng.reporters.JUnitReportReporter -->
<testsuite hostname="DESKTOP-KJG83OT" failures="0" tests="1" name="testRunner.CucumberRunner" time="26.349" errors="0" timestamp="2024-12-09T13:36:37 IST" skipped="0">
  <testcase classname="testRunner.CucumberRunner" name="runScenario" time="26.349"/>
  <system-out/>
</testsuite> <!-- testRunner.CucumberRunner -->
